# JRE version: Java(TM) SE Runtime Environment (17.0.12+8) (build 17.0.12+8-LTS-286)
# Java VM: Java HotSpot(TM) 64-Bit Server VM (17.0.12+8-LTS-286, mixed mode, sharing, tiered, compressed oops, compressed class ptrs, g1 gc, windows-amd64)
GC Precious Log:
 CPUs: 12 total, 12 available
 Memory: 16109M
 Large Page Support: Disabled
 NUMA Support: Disabled
 Compressed Oops: Enabled (Zero based)
 Heap Region Size: 2M
 Heap Min Capacity: 8M
 Heap Initial Capacity: 252M
 Heap Max Capacity: 4028M
 Pre-touch: Disabled
 Parallel Workers: 10
 Concurrent Workers: 3
 Concurrent Refinement Workers: 10
 Periodic GC: Disabled
Heap:
 garbage-first heap   total 61440K, used 31226K [0x0000000704400000, 0x0000000800000000)
  region size 2048K, 3 young (6144K), 2 survivors (4096K)
 Metaspace       used 71662K, committed 72256K, reserved 1114112K
  class space    used 9651K, committed 9920K, reserved 1048576K
GC Heap History (20 events):
Event: 4.246 GC heap before
{Heap before GC invocations=6 (full 0):
 garbage-first heap   total 61440K, used 38570K [0x0000000704400000, 0x0000000800000000)
  region size 2048K, 11 young (22528K), 1 survivors (2048K)
 Metaspace       used 30909K, committed 31360K, reserved 1114112K
  class space    used 3969K, committed 4160K, reserved 1048576K
}
Event: 4.249 GC heap after
{Heap after GC invocations=7 (full 0):
 garbage-first heap   total 61440K, used 19232K [0x0000000704400000, 0x0000000800000000)
  region size 2048K, 1 young (2048K), 1 survivors (2048K)
 Metaspace       used 30909K, committed 31360K, reserved 1114112K
  class space    used 3969K, committed 4160K, reserved 1048576K
}
Event: 5.396 GC heap before
{Heap before GC invocations=7 (full 0):
 garbage-first heap   total 61440K, used 35616K [0x0000000704400000, 0x0000000800000000)
  region size 2048K, 10 young (20480K), 1 survivors (2048K)
 Metaspace       used 35526K, committed 35968K, reserved 1114112K
  class space    used 4529K, committed 4736K, reserved 1048576K
}
Event: 5.400 GC heap after
{Heap after GC invocations=8 (full 0):
 garbage-first heap   total 61440K, used 20600K [0x0000000704400000, 0x0000000800000000)
  region size 2048K, 2 young (4096K), 2 survivors (4096K)
 Metaspace       used 35526K, committed 35968K, reserved 1114112K
  class space    used 4529K, committed 4736K, reserved 1048576K
}
Event: 6.565 GC heap before
{Heap before GC invocations=9 (full 0):
 garbage-first heap   total 61440K, used 43128K [0x0000000704400000, 0x0000000800000000)
  region size 2048K, 13 young (26624K), 2 survivors (4096K)
 Metaspace       used 40647K, committed 41088K, reserved 1114112K
  class space    used 5301K, committed 5504K, reserved 1048576K
}
Event: 6.569 GC heap after
{Heap after GC invocations=10 (full 0):
 garbage-first heap   total 61440K, used 21785K [0x0000000704400000, 0x0000000800000000)
  region size 2048K, 2 young (4096K), 2 survivors (4096K)
 Metaspace       used 40647K, committed 41088K, reserved 1114112K
  class space    used 5301K, committed 5504K, reserved 1048576K
}
Event: 7.453 GC heap before
{Heap before GC invocations=10 (full 0):
 garbage-first heap   total 61440K, used 44313K [0x0000000704400000, 0x0000000800000000)
  region size 2048K, 13 young (26624K), 2 survivors (4096K)
 Metaspace       used 45878K, committed 46400K, reserved 1114112K
  class space    used 6123K, committed 6336K, reserved 1048576K
}
Event: 7.457 GC heap after
{Heap after GC invocations=11 (full 0):
 garbage-first heap   total 61440K, used 23063K [0x0000000704400000, 0x0000000800000000)
  region size 2048K, 2 young (4096K), 2 survivors (4096K)
 Metaspace       used 45878K, committed 46400K, reserved 1114112K
  class space    used 6123K, committed 6336K, reserved 1048576K
}
Event: 7.953 GC heap before
{Heap before GC invocations=11 (full 0):
 garbage-first heap   total 61440K, used 41495K [0x0000000704400000, 0x0000000800000000)
  region size 2048K, 12 young (24576K), 2 survivors (4096K)
 Metaspace       used 51842K, committed 52416K, reserved 1114112K
  class space    used 6962K, committed 7232K, reserved 1048576K
}
Event: 7.957 GC heap after
{Heap after GC invocations=12 (full 0):
 garbage-first heap   total 61440K, used 23840K [0x0000000704400000, 0x0000000800000000)
  region size 2048K, 2 young (4096K), 2 survivors (4096K)
 Metaspace       used 51842K, committed 52416K, reserved 1114112K
  class space    used 6962K, committed 7232K, reserved 1048576K
}
Event: 8.722 GC heap before
{Heap before GC invocations=12 (full 0):
 garbage-first heap   total 61440K, used 46368K [0x0000000704400000, 0x0000000800000000)
  region size 2048K, 13 young (26624K), 2 survivors (4096K)
 Metaspace       used 56844K, committed 57408K, reserved 1114112K
  class space    used 7822K, committed 8128K, reserved 1048576K
}
Event: 8.725 GC heap after
{Heap after GC invocations=13 (full 0):
 garbage-first heap   total 61440K, used 24639K [0x0000000704400000, 0x0000000800000000)
  region size 2048K, 2 young (4096K), 2 survivors (4096K)
 Metaspace       used 56844K, committed 57408K, reserved 1114112K
  class space    used 7822K, committed 8128K, reserved 1048576K
}
Event: 9.275 GC heap before
{Heap before GC invocations=13 (full 0):
 garbage-first heap   total 61440K, used 43071K [0x0000000704400000, 0x0000000800000000)
  region size 2048K, 12 young (24576K), 2 survivors (4096K)
 Metaspace       used 59498K, committed 60096K, reserved 1114112K
  class space    used 8208K, committed 8512K, reserved 1048576K
}
Event: 9.279 GC heap after
{Heap after GC invocations=14 (full 0):
 garbage-first heap   total 61440K, used 26716K [0x0000000704400000, 0x0000000800000000)
  region size 2048K, 2 young (4096K), 2 survivors (4096K)
 Metaspace       used 59498K, committed 60096K, reserved 1114112K
  class space    used 8208K, committed 8512K, reserved 1048576K
}
Event: 9.854 GC heap before
{Heap before GC invocations=15 (full 0):
 garbage-first heap   total 61440K, used 47196K [0x0000000704400000, 0x0000000800000000)
  region size 2048K, 12 young (24576K), 2 survivors (4096K)
 Metaspace       used 63060K, committed 63680K, reserved 1114112K
  class space    used 8722K, committed 9024K, reserved 1048576K
}
Event: 9.858 GC heap after
{Heap after GC invocations=16 (full 0):
 garbage-first heap   total 61440K, used 28297K [0x0000000704400000, 0x0000000800000000)
  region size 2048K, 2 young (4096K), 2 survivors (4096K)
 Metaspace       used 63060K, committed 63680K, reserved 1114112K
  class space    used 8722K, committed 9024K, reserved 1048576K
}
Event: 10.467 GC heap before
{Heap before GC invocations=17 (full 0):
 garbage-first heap   total 61440K, used 48777K [0x0000000704400000, 0x0000000800000000)
  region size 2048K, 12 young (24576K), 2 survivors (4096K)
 Metaspace       used 66154K, committed 66816K, reserved 1114112K
  class space    used 9163K, committed 9472K, reserved 1048576K
}
Event: 10.471 GC heap after
{Heap after GC invocations=18 (full 0):
 garbage-first heap   total 61440K, used 29897K [0x0000000704400000, 0x0000000800000000)
  region size 2048K, 2 young (4096K), 2 survivors (4096K)
 Metaspace       used 66154K, committed 66816K, reserved 1114112K
  class space    used 9163K, committed 9472K, reserved 1048576K
}
Event: 11.205 GC heap before
{Heap before GC invocations=18 (full 0):
 garbage-first heap   total 61440K, used 48329K [0x0000000704400000, 0x0000000800000000)
  region size 2048K, 11 young (22528K), 2 survivors (4096K)
 Metaspace       used 71325K, committed 71936K, reserved 1114112K
  class space    used 9630K, committed 9920K, reserved 1048576K
}
Event: 11.209 GC heap after
{Heap after GC invocations=19 (full 0):
 garbage-first heap   total 61440K, used 31226K [0x0000000704400000, 0x0000000800000000)
  region size 2048K, 2 young (4096K), 2 survivors (4096K)
 Metaspace       used 71325K, committed 71936K, reserved 1114112K
  class space    used 9630K, committed 9920K, reserved 1048576K
}

